This file contains any messages produced by compilers while
running configure, to aid debugging if configure makes a mistake.

It was created by openocd configure 0.12.0+dev, which was
generated by GNU Autoconf 2.71.  Invocation command line was

  $ ./configure --enable-remote-bitbang

## --------- ##
## Platform. ##
## --------- ##

hostname = Abhi-Pavillion
uname -m = x86_64
uname -r = 5.15.133.1-microsoft-standard-WSL2
uname -s = Linux
uname -v = #1 SMP Thu Oct 5 21:02:42 UTC 2023

/usr/bin/uname -p = x86_64
/bin/uname -X     = unknown

/bin/arch              = x86_64
/usr/bin/arch -k       = unknown
/usr/convex/getsysinfo = unknown
/usr/bin/hostinfo      = unknown
/bin/machine           = unknown
/usr/bin/oslevel       = unknown
/bin/universe          = unknown

PATH: /run/user/1000/fnm_multishells/36435_1702906804379/bin/
PATH: /home/abhi/.local/share/fnm/
PATH: /run/user/1000/fnm_multishells/36432_1702906804353/bin/
PATH: /home/abhi/.local/share/fnm/
PATH: /usr/local/sbin/
PATH: /usr/local/bin/
PATH: /usr/sbin/
PATH: /usr/bin/
PATH: /sbin/
PATH: /bin/
PATH: /usr/games/
PATH: /usr/local/games/
PATH: /usr/lib/wsl/lib/
PATH: /mnt/c/ProgramData/Oracle/Java/javapath/
PATH: /mnt/c/windows/system32/
PATH: /mnt/c/windows/
PATH: /mnt/c/windows/System32/Wbem/
PATH: /mnt/c/windows/System32/WindowsPowerShell/v1.0/
PATH: /mnt/c/windows/System32/OpenSSH/
PATH: /mnt/c/Program Files (x86)/NVIDIA Corporation/PhysX/Common/
PATH: /mnt/c/Program Files/NVIDIA Corporation/NVIDIA NvDLISR/
PATH: /mnt/c/MinGW/bin/
PATH: /mnt/c/Program Files/dotnet/
PATH: /mnt/c/WINDOWS/system32/
PATH: /mnt/c/WINDOWS/
PATH: /mnt/c/WINDOWS/System32/Wbem/
PATH: /mnt/c/WINDOWS/System32/WindowsPowerShell/v1.0/
PATH: /mnt/c/flutter/bin/
PATH: /mnt/c/Windows/System32/OpenSSH/
PATH: /mnt/c/WINDOWS/System32/OpenSSH/
PATH: /mnt/c/Program Files (x86)/QuantumWise/atk-11.8.2/vnl/bin/
PATH: /mnt/c/Program Files (x86)/QuantumWise/atk-11.8.2/atkpython/bin/
PATH: /mnt/c/Program Files (x86)/QuantumWise/atk-11.8.2/license/
PATH: /mnt/c/Program Files/Git/cmd/
PATH: /mnt/c/Users/HP/AppData/Local/Programs/Python/Python311/Scripts/
PATH: /mnt/c/Users/HP/AppData/Local/Programs/Python/Python311/
PATH: /mnt/c/Users/HP/scoop/apps/gcc/current/bin/
PATH: /mnt/c/Users/HP/scoop/shims/
PATH: /mnt/c/Users/HP/AppData/Local/Microsoft/WindowsApps/
PATH: /mnt/c/Program Files/JetBrains/IntelliJ IDEA Community Edition 2021.2.1/bin/
PATH: /mnt/c/Users/HP/AppData/Roaming/nvm/
PATH: /mnt/c/Program Files/nodejs/
PATH: /mnt/c/Users/HP/AppData/Local/Microsoft/WindowsApps/
PATH: /mnt/c/Users/HP/AppData/Local/JetBrains/Toolbox/scripts/
PATH: /mnt/c/Users/HP/AppData/Local/Programs/Microsoft VS Code/bin/
PATH: /mnt/c/intelFPGA_lite/22.1std/questa_fse/win64/
PATH: /home/abhi/.local/bin/


## ----------- ##
## Core tests. ##
## ----------- ##

configure:2840: looking for aux files: config.guess config.sub ltmain.sh compile missing install-sh
configure:2853:  trying ./build-aux/
configure:2882:   ./build-aux/config.guess found
configure:2882:   ./build-aux/config.sub found
configure:2882:   ./build-aux/ltmain.sh found
configure:2882:   ./build-aux/compile found
configure:2882:   ./build-aux/missing found
configure:2864:   ./build-aux/install-sh found
configure:3001: checking for makeinfo
configure:3036: result: no
configure:3045: WARNING: Info documentation will not be built.
configure:3069: checking for a BSD-compatible install
configure:3142: result: /usr/bin/install -c
configure:3153: checking whether build environment is sane
configure:3208: result: yes
configure:3367: checking for a race-free mkdir -p
configure:3411: result: /usr/bin/mkdir -p
configure:3418: checking for gawk
configure:3439: found /usr/bin/gawk
configure:3450: result: gawk
configure:3461: checking whether make sets $(MAKE)
configure:3484: result: yes
configure:3514: checking whether make supports nested variables
configure:3532: result: yes
configure:3740: checking for gcc
configure:3761: found /usr/bin/gcc
configure:3772: result: gcc
configure:4125: checking for C compiler version
configure:4134: gcc --version >&5
gcc (Ubuntu 11.4.0-1ubuntu1~22.04) 11.4.0
Copyright (C) 2021 Free Software Foundation, Inc.
This is free software; see the source for copying conditions.  There is NO
warranty; not even for MERCHANTABILITY or FITNESS FOR A PARTICULAR PURPOSE.

configure:4145: $? = 0
configure:4134: gcc -v >&5
Using built-in specs.
COLLECT_GCC=gcc
COLLECT_LTO_WRAPPER=/usr/lib/gcc/x86_64-linux-gnu/11/lto-wrapper
OFFLOAD_TARGET_NAMES=nvptx-none:amdgcn-amdhsa
OFFLOAD_TARGET_DEFAULT=1
Target: x86_64-linux-gnu
Configured with: ../src/configure -v --with-pkgversion='Ubuntu 11.4.0-1ubuntu1~22.04' --with-bugurl=file:///usr/share/doc/gcc-11/README.Bugs --enable-languages=c,ada,c++,go,brig,d,fortran,objc,obj-c++,m2 --prefix=/usr --with-gcc-major-version-only --program-suffix=-11 --program-prefix=x86_64-linux-gnu- --enable-shared --enable-linker-build-id --libexecdir=/usr/lib --without-included-gettext --enable-threads=posix --libdir=/usr/lib --enable-nls --enable-bootstrap --enable-clocale=gnu --enable-libstdcxx-debug --enable-libstdcxx-time=yes --with-default-libstdcxx-abi=new --enable-gnu-unique-object --disable-vtable-verify --enable-plugin --enable-default-pie --with-system-zlib --enable-libphobos-checking=release --with-target-system-zlib=auto --enable-objc-gc=auto --enable-multiarch --disable-werror --enable-cet --with-arch-32=i686 --with-abi=m64 --with-multilib-list=m32,m64,mx32 --enable-multilib --with-tune=generic --enable-offload-targets=nvptx-none=/build/gcc-11-XeT9lY/gcc-11-11.4.0/debian/tmp-nvptx/usr,amdgcn-amdhsa=/build/gcc-11-XeT9lY/gcc-11-11.4.0/debian/tmp-gcn/usr --without-cuda-driver --enable-checking=release --build=x86_64-linux-gnu --host=x86_64-linux-gnu --target=x86_64-linux-gnu --with-build-config=bootstrap-lto-lean --enable-link-serialization=2
Thread model: posix
Supported LTO compression algorithms: zlib zstd
gcc version 11.4.0 (Ubuntu 11.4.0-1ubuntu1~22.04) 
... rest of stderr output deleted ...
configure:4145: $? = 0
configure:4134: gcc -V >&5
gcc: error: unrecognized command-line option '-V'
gcc: fatal error: no input files
compilation terminated.
configure:4145: $? = 1
configure:4134: gcc -qversion >&5
gcc: error: unrecognized command-line option '-qversion'; did you mean '--version'?
gcc: fatal error: no input files
compilation terminated.
configure:4145: $? = 1
configure:4134: gcc -version >&5
gcc: error: unrecognized command-line option '-version'
gcc: fatal error: no input files
compilation terminated.
configure:4145: $? = 1
configure:4165: checking whether the C compiler works
configure:4187: gcc    conftest.c  >&5
configure:4191: $? = 0
configure:4241: result: yes
configure:4244: checking for C compiler default output file name
configure:4246: result: a.out
configure:4252: checking for suffix of executables
configure:4259: gcc -o conftest    conftest.c  >&5
configure:4263: $? = 0
configure:4286: result: 
configure:4308: checking whether we are cross compiling
configure:4316: gcc -o conftest    conftest.c  >&5
configure:4320: $? = 0
configure:4327: ./conftest
configure:4331: $? = 0
configure:4346: result: no
configure:4351: checking for suffix of object files
configure:4374: gcc -c   conftest.c >&5
configure:4378: $? = 0
configure:4400: result: o
configure:4404: checking whether the compiler supports GNU C
configure:4424: gcc -c   conftest.c >&5
configure:4424: $? = 0
configure:4434: result: yes
configure:4445: checking whether gcc accepts -g
configure:4466: gcc -c -g  conftest.c >&5
configure:4466: $? = 0
configure:4510: result: yes
configure:4530: checking for gcc option to enable C11 features
configure:4545: gcc  -c -g -O2  conftest.c >&5
configure:4545: $? = 0
configure:4563: result: none needed
configure:4679: checking whether gcc understands -c and -o together
configure:4702: gcc -c conftest.c -o conftest2.o
configure:4705: $? = 0
configure:4702: gcc -c conftest.c -o conftest2.o
configure:4705: $? = 0
configure:4717: result: yes
configure:4737: checking whether make supports the include directive
configure:4752: make -f confmf.GNU && cat confinc.out
this is the am__doit target
configure:4755: $? = 0
configure:4774: result: yes (GNU style)
configure:4800: checking dependency style of gcc
configure:4912: result: gcc3
configure:4978: checking for ranlib
configure:4999: found /usr/bin/ranlib
configure:5010: result: ranlib
configure:5095: checking for pkg-config
configure:5118: found /usr/bin/pkg-config
configure:5130: result: /usr/bin/pkg-config
configure:5155: checking pkg-config is at least version 0.23
configure:5158: result: yes
configure:5234: checking build system type
configure:5249: result: x86_64-pc-linux-gnu
configure:5269: checking host system type
configure:5283: result: x86_64-pc-linux-gnu
configure:5324: checking how to print strings
configure:5351: result: printf
configure:5372: checking for a sed that does not truncate output
configure:5442: result: /usr/bin/sed
configure:5460: checking for grep that handles long lines and -e
configure:5524: result: /usr/bin/grep
configure:5529: checking for egrep
configure:5597: result: /usr/bin/grep -E
configure:5602: checking for fgrep
configure:5670: result: /usr/bin/grep -F
configure:5706: checking for ld used by gcc
configure:5774: result: /usr/bin/ld
configure:5781: checking if the linker (/usr/bin/ld) is GNU ld
configure:5797: result: yes
configure:5809: checking for BSD- or MS-compatible name lister (nm)
configure:5864: result: /usr/bin/nm -B
configure:6004: checking the name lister (/usr/bin/nm -B) interface
configure:6012: gcc -c -g -O2  conftest.c >&5
configure:6015: /usr/bin/nm -B "conftest.o"
configure:6018: output
0000000000000000 B some_variable
configure:6025: result: BSD nm
configure:6028: checking whether ln -s works
configure:6032: result: yes
configure:6040: checking the maximum length of command line arguments
configure:6172: result: 1572864
configure:6220: checking how to convert x86_64-pc-linux-gnu file names to x86_64-pc-linux-gnu format
configure:6261: result: func_convert_file_noop
configure:6268: checking how to convert x86_64-pc-linux-gnu file names to toolchain format
configure:6289: result: func_convert_file_noop
configure:6296: checking for /usr/bin/ld option to reload object files
configure:6304: result: -r
configure:6383: checking for objdump
configure:6404: found /usr/bin/objdump
configure:6415: result: objdump
configure:6447: checking how to recognize dependent libraries
configure:6648: result: pass_all
configure:6738: checking for dlltool
configure:6773: result: no
configure:6803: checking how to associate runtime and link libraries
configure:6831: result: printf %s\n
configure:6897: checking for ar
configure:6918: found /usr/bin/ar
configure:6929: result: ar
configure:6966: checking for archiver @FILE support
configure:6984: gcc -c -g -O2  conftest.c >&5
configure:6984: $? = 0
configure:6988: ar cr libconftest.a @conftest.lst >&5
configure:6991: $? = 0
configure:6996: ar cr libconftest.a @conftest.lst >&5
ar: conftest.o: No such file or directory
configure:6999: $? = 1
configure:7011: result: @
configure:7074: checking for strip
configure:7095: found /usr/bin/strip
configure:7106: result: strip
configure:7183: checking for ranlib
configure:7215: result: ranlib
configure:7317: checking command to parse /usr/bin/nm -B output from gcc object
configure:7471: gcc -c -g -O2  conftest.c >&5
configure:7474: $? = 0
configure:7478: /usr/bin/nm -B conftest.o | sed -n -e 's/^.*[	 ]\([ABCDGIRSTW][ABCDGIRSTW]*\)[	 ][	 ]*\([_A-Za-z][_A-Za-z0-9]*\)$/\1 \2 \2/p' | sed '/ __gnu_lto/d' > conftest.nm
configure:7544: gcc -o conftest -g -O2   conftest.c conftstm.o >&5
configure:7547: $? = 0
configure:7585: result: ok
configure:7632: checking for sysroot
configure:7663: result: no
configure:7670: checking for a working dd
configure:7714: result: /usr/bin/dd
configure:7718: checking how to truncate binary pipes
configure:7734: result: /usr/bin/dd bs=4096 count=1
configure:7871: gcc -c -g -O2  conftest.c >&5
configure:7874: $? = 0
configure:8071: checking for mt
configure:8092: found /usr/bin/mt
configure:8103: result: mt
configure:8126: checking if mt is a manifest tool
configure:8133: mt '-?'
configure:8141: result: no
configure:8871: checking for stdio.h
configure:8871: gcc -c -g -O2  conftest.c >&5
configure:8871: $? = 0
configure:8871: result: yes
configure:8871: checking for stdlib.h
configure:8871: gcc -c -g -O2  conftest.c >&5
configure:8871: $? = 0
configure:8871: result: yes
configure:8871: checking for string.h
configure:8871: gcc -c -g -O2  conftest.c >&5
configure:8871: $? = 0
configure:8871: result: yes
configure:8871: checking for inttypes.h
configure:8871: gcc -c -g -O2  conftest.c >&5
configure:8871: $? = 0
configure:8871: result: yes
configure:8871: checking for stdint.h
configure:8871: gcc -c -g -O2  conftest.c >&5
configure:8871: $? = 0
configure:8871: result: yes
configure:8871: checking for strings.h
configure:8871: gcc -c -g -O2  conftest.c >&5
configure:8871: $? = 0
configure:8871: result: yes
configure:8871: checking for sys/stat.h
configure:8871: gcc -c -g -O2  conftest.c >&5
configure:8871: $? = 0
configure:8871: result: yes
configure:8871: checking for sys/types.h
configure:8871: gcc -c -g -O2  conftest.c >&5
configure:8871: $? = 0
configure:8871: result: yes
configure:8871: checking for unistd.h
configure:8871: gcc -c -g -O2  conftest.c >&5
configure:8871: $? = 0
configure:8871: result: yes
configure:8896: checking for dlfcn.h
configure:8896: gcc -c -g -O2  conftest.c >&5
configure:8896: $? = 0
configure:8896: result: yes
configure:9124: checking for objdir
configure:9140: result: .libs
configure:9400: checking if gcc supports -fno-rtti -fno-exceptions
configure:9419: gcc -c -g -O2  -fno-rtti -fno-exceptions conftest.c >&5
cc1: warning: command-line option '-fno-rtti' is valid for C++/D/ObjC++ but not for C
configure:9423: $? = 0
configure:9436: result: no
configure:9800: checking for gcc option to produce PIC
configure:9808: result: -fPIC -DPIC
configure:9816: checking if gcc PIC flag -fPIC -DPIC works
configure:9835: gcc -c -g -O2  -fPIC -DPIC -DPIC conftest.c >&5
configure:9839: $? = 0
configure:9852: result: yes
configure:9881: checking if gcc static flag -static works
configure:9910: result: yes
configure:9925: checking if gcc supports -c -o file.o
configure:9947: gcc -c -g -O2  -o out/conftest2.o conftest.c >&5
configure:9951: $? = 0
configure:9973: result: yes
configure:9981: checking if gcc supports -c -o file.o
configure:10029: result: yes
configure:10062: checking whether the gcc linker (/usr/bin/ld -m elf_x86_64) supports shared libraries
configure:11332: result: yes
configure:11573: checking dynamic linker characteristics
configure:12155: gcc -o conftest -g -O2   -Wl,-rpath -Wl,/foo conftest.c  >&5
configure:12155: $? = 0
configure:12406: result: GNU/Linux ld.so
configure:12528: checking how to hardcode library paths into programs
configure:12553: result: immediate
configure:13105: checking whether stripping libraries is possible
configure:13110: result: yes
configure:13145: checking if libtool supports shared libraries
configure:13147: result: yes
configure:13150: checking whether to build shared libraries
configure:13175: result: no
configure:13178: checking whether to build static libraries
configure:13182: result: yes
configure:13221: checking for an ANSI C-conforming const
configure:13288: gcc -c -g -O2  conftest.c >&5
configure:13288: $? = 0
configure:13296: result: yes
configure:13305: checking for unsigned long long int
configure:13347: gcc -o conftest -g -O2   conftest.c  >&5
configure:13347: $? = 0
configure:13357: result: yes
configure:13367: checking for long long int
configure:13409: gcc -o conftest -g -O2   conftest.c  >&5
configure:13409: $? = 0
configure:13409: ./conftest
configure:13409: $? = 0
configure:13422: result: yes
configure:13431: checking for library containing ioperm
configure:13461: gcc -o conftest -g -O2   conftest.c  >&5
configure:13461: $? = 0
configure:13481: result: none required
configure:13490: checking for library containing dlopen
configure:13520: gcc -o conftest -g -O2   conftest.c  >&5
configure:13520: $? = 0
configure:13540: result: none required
configure:13549: checking for library containing openpty
configure:13579: gcc -o conftest -g -O2   conftest.c  >&5
configure:13579: $? = 0
configure:13599: result: none required
configure:13609: checking for sys/socket.h
configure:13609: gcc -c -g -O2  conftest.c >&5
configure:13609: $? = 0
configure:13609: result: yes
configure:13616: checking for elf.h
configure:13616: gcc -c -g -O2  conftest.c >&5
configure:13616: $? = 0
configure:13616: result: yes
configure:13628: checking how to run the C preprocessor
configure:13654: gcc -E  conftest.c
configure:13654: $? = 0
configure:13669: gcc -E  conftest.c
conftest.c:27:10: fatal error: ac_nonexistent.h: No such file or directory
   27 | #include <ac_nonexistent.h>
      |          ^~~~~~~~~~~~~~~~~~
compilation terminated.
configure:13669: $? = 1
configure: failed program was:
| /* confdefs.h */
| #define PACKAGE_NAME "openocd"
| #define PACKAGE_TARNAME "openocd"
| #define PACKAGE_VERSION "0.12.0+dev"
| #define PACKAGE_STRING "openocd 0.12.0+dev"
| #define PACKAGE_BUGREPORT "OpenOCD Mailing List <openocd-devel@lists.sourceforge.net>"
| #define PACKAGE_URL ""
| #define PACKAGE "openocd"
| #define VERSION "0.12.0+dev"
| #define HAVE_STDIO_H 1
| #define HAVE_STDLIB_H 1
| #define HAVE_STRING_H 1
| #define HAVE_INTTYPES_H 1
| #define HAVE_STDINT_H 1
| #define HAVE_STRINGS_H 1
| #define HAVE_SYS_STAT_H 1
| #define HAVE_SYS_TYPES_H 1
| #define HAVE_UNISTD_H 1
| #define STDC_HEADERS 1
| #define HAVE_DLFCN_H 1
| #define LT_OBJDIR ".libs/"
| #define HAVE_UNSIGNED_LONG_LONG_INT 1
| #define HAVE_LONG_LONG_INT 1
| #define HAVE_SYS_SOCKET_H 1
| #define HAVE_ELF_H 1
| /* end confdefs.h.  */
| #include <ac_nonexistent.h>
configure:13696: result: gcc -E
configure:13710: gcc -E  conftest.c
configure:13710: $? = 0
configure:13725: gcc -E  conftest.c
conftest.c:27:10: fatal error: ac_nonexistent.h: No such file or directory
   27 | #include <ac_nonexistent.h>
      |          ^~~~~~~~~~~~~~~~~~
compilation terminated.
configure:13725: $? = 1
configure: failed program was:
| /* confdefs.h */
| #define PACKAGE_NAME "openocd"
| #define PACKAGE_TARNAME "openocd"
| #define PACKAGE_VERSION "0.12.0+dev"
| #define PACKAGE_STRING "openocd 0.12.0+dev"
| #define PACKAGE_BUGREPORT "OpenOCD Mailing List <openocd-devel@lists.sourceforge.net>"
| #define PACKAGE_URL ""
| #define PACKAGE "openocd"
| #define VERSION "0.12.0+dev"
| #define HAVE_STDIO_H 1
| #define HAVE_STDLIB_H 1
| #define HAVE_STRING_H 1
| #define HAVE_INTTYPES_H 1
| #define HAVE_STDINT_H 1
| #define HAVE_STRINGS_H 1
| #define HAVE_SYS_STAT_H 1
| #define HAVE_SYS_TYPES_H 1
| #define HAVE_UNISTD_H 1
| #define STDC_HEADERS 1
| #define HAVE_DLFCN_H 1
| #define LT_OBJDIR ".libs/"
| #define HAVE_UNSIGNED_LONG_LONG_INT 1
| #define HAVE_LONG_LONG_INT 1
| #define HAVE_SYS_SOCKET_H 1
| #define HAVE_ELF_H 1
| /* end confdefs.h.  */
| #include <ac_nonexistent.h>
configure:13772: checking for fcntl.h
configure:13772: gcc -c -g -O2  conftest.c >&5
configure:13772: $? = 0
configure:13772: result: yes
configure:13779: checking for malloc.h
configure:13779: gcc -c -g -O2  conftest.c >&5
configure:13779: $? = 0
configure:13779: result: yes
configure:13786: checking for netdb.h
configure:13786: gcc -c -g -O2  conftest.c >&5
configure:13786: $? = 0
configure:13786: result: yes
configure:13793: checking for poll.h
configure:13793: gcc -c -g -O2  conftest.c >&5
configure:13793: $? = 0
configure:13793: result: yes
configure:13800: checking for strings.h
configure:13800: result: yes
configure:13807: checking for sys/ioctl.h
configure:13807: gcc -c -g -O2  conftest.c >&5
configure:13807: $? = 0
configure:13807: result: yes
configure:13814: checking for sys/param.h
configure:13814: gcc -c -g -O2  conftest.c >&5
configure:13814: $? = 0
configure:13814: result: yes
configure:13821: checking for sys/select.h
configure:13821: gcc -c -g -O2  conftest.c >&5
configure:13821: $? = 0
configure:13821: result: yes
configure:13828: checking for sys/stat.h
configure:13828: result: yes
configure:13835: checking for sys/sysctl.h
configure:13835: gcc -c -g -O2  conftest.c >&5
conftest.c:65:10: fatal error: sys/sysctl.h: No such file or directory
   65 | #include <sys/sysctl.h>
      |          ^~~~~~~~~~~~~~
compilation terminated.
configure:13835: $? = 1
configure: failed program was:
| /* confdefs.h */
| #define PACKAGE_NAME "openocd"
| #define PACKAGE_TARNAME "openocd"
| #define PACKAGE_VERSION "0.12.0+dev"
| #define PACKAGE_STRING "openocd 0.12.0+dev"
| #define PACKAGE_BUGREPORT "OpenOCD Mailing List <openocd-devel@lists.sourceforge.net>"
| #define PACKAGE_URL ""
| #define PACKAGE "openocd"
| #define VERSION "0.12.0+dev"
| #define HAVE_STDIO_H 1
| #define HAVE_STDLIB_H 1
| #define HAVE_STRING_H 1
| #define HAVE_INTTYPES_H 1
| #define HAVE_STDINT_H 1
| #define HAVE_STRINGS_H 1
| #define HAVE_SYS_STAT_H 1
| #define HAVE_SYS_TYPES_H 1
| #define HAVE_UNISTD_H 1
| #define STDC_HEADERS 1
| #define HAVE_DLFCN_H 1
| #define LT_OBJDIR ".libs/"
| #define HAVE_UNSIGNED_LONG_LONG_INT 1
| #define HAVE_LONG_LONG_INT 1
| #define HAVE_SYS_SOCKET_H 1
| #define HAVE_ELF_H 1
| #define HAVE_ELF64 1
| #define HAVE_FCNTL_H 1
| #define HAVE_MALLOC_H 1
| #define HAVE_NETDB_H 1
| #define HAVE_POLL_H 1
| #define HAVE_STRINGS_H 1
| #define HAVE_SYS_IOCTL_H 1
| #define HAVE_SYS_PARAM_H 1
| #define HAVE_SYS_SELECT_H 1
| #define HAVE_SYS_STAT_H 1
| /* end confdefs.h.  */
| #include <stddef.h>
| #ifdef HAVE_STDIO_H
| # include <stdio.h>
| #endif
| #ifdef HAVE_STDLIB_H
| # include <stdlib.h>
| #endif
| #ifdef HAVE_STRING_H
| # include <string.h>
| #endif
| #ifdef HAVE_INTTYPES_H
| # include <inttypes.h>
| #endif
| #ifdef HAVE_STDINT_H
| # include <stdint.h>
| #endif
| #ifdef HAVE_STRINGS_H
| # include <strings.h>
| #endif
| #ifdef HAVE_SYS_TYPES_H
| # include <sys/types.h>
| #endif
| #ifdef HAVE_SYS_STAT_H
| # include <sys/stat.h>
| #endif
| #ifdef HAVE_UNISTD_H
| # include <unistd.h>
| #endif
| #include <sys/sysctl.h>
configure:13835: result: no
configure:13842: checking for sys/time.h
configure:13842: gcc -c -g -O2  conftest.c >&5
configure:13842: $? = 0
configure:13842: result: yes
configure:13849: checking for sys/types.h
configure:13849: result: yes
configure:13856: checking for unistd.h
configure:13856: result: yes
configure:13863: checking for arpa/inet.h
configure:13863: gcc -c -g -O2  conftest.c >&5
configure:13863: $? = 0
configure:13863: result: yes
configure:13882: checking for netinet/in.h
configure:13882: gcc -c -g -O2  conftest.c >&5
configure:13882: $? = 0
configure:13882: result: yes
configure:13901: checking for netinet/tcp.h
configure:13901: gcc -c -g -O2  conftest.c >&5
configure:13901: $? = 0
configure:13901: result: yes
configure:13923: checking whether to enable assertions
configure:13944: result: yes
configure:13947: checking for _Bool
configure:13947: gcc -c -g -O2  conftest.c >&5
configure:13947: $? = 0
configure:13947: gcc -c -g -O2  conftest.c >&5
conftest.c: In function 'main':
conftest.c:74:20: error: expected expression before ')' token
   74 | if (sizeof ((_Bool)))
      |                    ^
configure:13947: $? = 1
configure: failed program was:
| /* confdefs.h */
| #define PACKAGE_NAME "openocd"
| #define PACKAGE_TARNAME "openocd"
| #define PACKAGE_VERSION "0.12.0+dev"
| #define PACKAGE_STRING "openocd 0.12.0+dev"
| #define PACKAGE_BUGREPORT "OpenOCD Mailing List <openocd-devel@lists.sourceforge.net>"
| #define PACKAGE_URL ""
| #define PACKAGE "openocd"
| #define VERSION "0.12.0+dev"
| #define HAVE_STDIO_H 1
| #define HAVE_STDLIB_H 1
| #define HAVE_STRING_H 1
| #define HAVE_INTTYPES_H 1
| #define HAVE_STDINT_H 1
| #define HAVE_STRINGS_H 1
| #define HAVE_SYS_STAT_H 1
| #define HAVE_SYS_TYPES_H 1
| #define HAVE_UNISTD_H 1
| #define STDC_HEADERS 1
| #define HAVE_DLFCN_H 1
| #define LT_OBJDIR ".libs/"
| #define HAVE_UNSIGNED_LONG_LONG_INT 1
| #define HAVE_LONG_LONG_INT 1
| #define HAVE_SYS_SOCKET_H 1
| #define HAVE_ELF_H 1
| #define HAVE_ELF64 1
| #define HAVE_FCNTL_H 1
| #define HAVE_MALLOC_H 1
| #define HAVE_NETDB_H 1
| #define HAVE_POLL_H 1
| #define HAVE_STRINGS_H 1
| #define HAVE_SYS_IOCTL_H 1
| #define HAVE_SYS_PARAM_H 1
| #define HAVE_SYS_SELECT_H 1
| #define HAVE_SYS_STAT_H 1
| #define HAVE_SYS_TIME_H 1
| #define HAVE_SYS_TYPES_H 1
| #define HAVE_UNISTD_H 1
| #define HAVE_ARPA_INET_H 1
| #define HAVE_NETINET_IN_H 1
| #define HAVE_NETINET_TCP_H 1
| /* end confdefs.h.  */
| #include <stddef.h>
| #ifdef HAVE_STDIO_H
| # include <stdio.h>
| #endif
| #ifdef HAVE_STDLIB_H
| # include <stdlib.h>
| #endif
| #ifdef HAVE_STRING_H
| # include <string.h>
| #endif
| #ifdef HAVE_INTTYPES_H
| # include <inttypes.h>
| #endif
| #ifdef HAVE_STDINT_H
| # include <stdint.h>
| #endif
| #ifdef HAVE_STRINGS_H
| # include <strings.h>
| #endif
| #ifdef HAVE_SYS_TYPES_H
| # include <sys/types.h>
| #endif
| #ifdef HAVE_SYS_STAT_H
| # include <sys/stat.h>
| #endif
| #ifdef HAVE_UNISTD_H
| # include <unistd.h>
| #endif
| int
| main (void)
| {
| if (sizeof ((_Bool)))
| 	    return 0;
|   ;
|   return 0;
| }
configure:13947: result: yes
configure:13956: checking for stdbool.h that conforms to C99
configure:14072: gcc -c -g -O2  conftest.c >&5
configure:14072: $? = 0
configure:14080: result: yes
configure:14090: checking whether byte ordering is bigendian
configure:14106: gcc -c -g -O2  conftest.c >&5
conftest.c:46:16: error: unknown type name 'not'
   46 |                not a universal capable compiler
      |                ^~~
conftest.c:46:22: error: expected '=', ',', ';', 'asm' or '__attribute__' before 'universal'
   46 |                not a universal capable compiler
      |                      ^~~~~~~~~
conftest.c:46:22: error: unknown type name 'universal'
configure:14106: $? = 1
configure: failed program was:
| /* confdefs.h */
| #define PACKAGE_NAME "openocd"
| #define PACKAGE_TARNAME "openocd"
| #define PACKAGE_VERSION "0.12.0+dev"
| #define PACKAGE_STRING "openocd 0.12.0+dev"
| #define PACKAGE_BUGREPORT "OpenOCD Mailing List <openocd-devel@lists.sourceforge.net>"
| #define PACKAGE_URL ""
| #define PACKAGE "openocd"
| #define VERSION "0.12.0+dev"
| #define HAVE_STDIO_H 1
| #define HAVE_STDLIB_H 1
| #define HAVE_STRING_H 1
| #define HAVE_INTTYPES_H 1
| #define HAVE_STDINT_H 1
| #define HAVE_STRINGS_H 1
| #define HAVE_SYS_STAT_H 1
| #define HAVE_SYS_TYPES_H 1
| #define HAVE_UNISTD_H 1
| #define STDC_HEADERS 1
| #define HAVE_DLFCN_H 1
| #define LT_OBJDIR ".libs/"
| #define HAVE_UNSIGNED_LONG_LONG_INT 1
| #define HAVE_LONG_LONG_INT 1
| #define HAVE_SYS_SOCKET_H 1
| #define HAVE_ELF_H 1
| #define HAVE_ELF64 1
| #define HAVE_FCNTL_H 1
| #define HAVE_MALLOC_H 1
| #define HAVE_NETDB_H 1
| #define HAVE_POLL_H 1
| #define HAVE_STRINGS_H 1
| #define HAVE_SYS_IOCTL_H 1
| #define HAVE_SYS_PARAM_H 1
| #define HAVE_SYS_SELECT_H 1
| #define HAVE_SYS_STAT_H 1
| #define HAVE_SYS_TIME_H 1
| #define HAVE_SYS_TYPES_H 1
| #define HAVE_UNISTD_H 1
| #define HAVE_ARPA_INET_H 1
| #define HAVE_NETINET_IN_H 1
| #define HAVE_NETINET_TCP_H 1
| #define HAVE__BOOL 1
| #define HAVE_STDBOOL_H 1
| /* end confdefs.h.  */
| #ifndef __APPLE_CC__
| 	       not a universal capable compiler
| 	     #endif
| 	     typedef int dummy;
| 
configure:14152: gcc -c -g -O2  conftest.c >&5
configure:14152: $? = 0
configure:14171: gcc -c -g -O2  conftest.c >&5
conftest.c: In function 'main':
conftest.c:52:18: error: unknown type name 'not'; did you mean 'ino_t'?
   52 |                  not big endian
      |                  ^~~
      |                  ino_t
conftest.c:52:26: error: expected '=', ',', ';', 'asm' or '__attribute__' before 'endian'
   52 |                  not big endian
      |                          ^~~~~~
configure:14171: $? = 1
configure: failed program was:
| /* confdefs.h */
| #define PACKAGE_NAME "openocd"
| #define PACKAGE_TARNAME "openocd"
| #define PACKAGE_VERSION "0.12.0+dev"
| #define PACKAGE_STRING "openocd 0.12.0+dev"
| #define PACKAGE_BUGREPORT "OpenOCD Mailing List <openocd-devel@lists.sourceforge.net>"
| #define PACKAGE_URL ""
| #define PACKAGE "openocd"
| #define VERSION "0.12.0+dev"
| #define HAVE_STDIO_H 1
| #define HAVE_STDLIB_H 1
| #define HAVE_STRING_H 1
| #define HAVE_INTTYPES_H 1
| #define HAVE_STDINT_H 1
| #define HAVE_STRINGS_H 1
| #define HAVE_SYS_STAT_H 1
| #define HAVE_SYS_TYPES_H 1
| #define HAVE_UNISTD_H 1
| #define STDC_HEADERS 1
| #define HAVE_DLFCN_H 1
| #define LT_OBJDIR ".libs/"
| #define HAVE_UNSIGNED_LONG_LONG_INT 1
| #define HAVE_LONG_LONG_INT 1
| #define HAVE_SYS_SOCKET_H 1
| #define HAVE_ELF_H 1
| #define HAVE_ELF64 1
| #define HAVE_FCNTL_H 1
| #define HAVE_MALLOC_H 1
| #define HAVE_NETDB_H 1
| #define HAVE_POLL_H 1
| #define HAVE_STRINGS_H 1
| #define HAVE_SYS_IOCTL_H 1
| #define HAVE_SYS_PARAM_H 1
| #define HAVE_SYS_SELECT_H 1
| #define HAVE_SYS_STAT_H 1
| #define HAVE_SYS_TIME_H 1
| #define HAVE_SYS_TYPES_H 1
| #define HAVE_UNISTD_H 1
| #define HAVE_ARPA_INET_H 1
| #define HAVE_NETINET_IN_H 1
| #define HAVE_NETINET_TCP_H 1
| #define HAVE__BOOL 1
| #define HAVE_STDBOOL_H 1
| /* end confdefs.h.  */
| #include <sys/types.h>
| 		#include <sys/param.h>
| 
| int
| main (void)
| {
| #if BYTE_ORDER != BIG_ENDIAN
| 		 not big endian
| 		#endif
| 
|   ;
|   return 0;
| }
configure:14305: result: no
configure:14324: checking for strndup
configure:14324: gcc -o conftest -g -O2   conftest.c  >&5
conftest.c:61:6: warning: conflicting types for built-in function 'strndup'; expected 'char *(const char *, long unsigned int)' [-Wbuiltin-declaration-mismatch]
   61 | char strndup ();
      |      ^~~~~~~
configure:14324: $? = 0
configure:14324: result: yes
configure:14331: checking for strnlen
configure:14331: gcc -o conftest -g -O2   conftest.c  >&5
conftest.c:62:6: warning: conflicting types for built-in function 'strnlen'; expected 'long unsigned int(const char *, long unsigned int)' [-Wbuiltin-declaration-mismatch]
   62 | char strnlen ();
      |      ^~~~~~~
configure:14331: $? = 0
configure:14331: result: yes
configure:14338: checking for gettimeofday
configure:14338: gcc -o conftest -g -O2   conftest.c  >&5
configure:14338: $? = 0
configure:14338: result: yes
configure:14345: checking for usleep
configure:14345: gcc -o conftest -g -O2   conftest.c  >&5
configure:14345: $? = 0
configure:14345: result: yes
configure:14352: checking for realpath
configure:14352: gcc -o conftest -g -O2   conftest.c  >&5
configure:14352: $? = 0
configure:14352: result: yes
configure:14361: checking whether to build a release
configure:14373: result: no
configure:14415: checking whether to build Doxygen as HTML
configure:14417: result: yes
configure:14429: checking whether to build Doxygen as PDF
configure:14431: result: no
configure:14489: checking whether to enable verbose USB I/O messages
configure:14491: result: no
configure:14502: checking whether to enable verbose USB communication messages
configure:14504: result: no
configure:14523: checking whether to enable malloc free space logging
configure:14525: result: no
configure:15546: checking for libusb-1.0
configure:15553: $PKG_CONFIG --exists --print-errors "libusb-1.0"
Package libusb-1.0 was not found in the pkg-config search path.
Perhaps you should add the directory containing `libusb-1.0.pc'
to the PKG_CONFIG_PATH environment variable
No package 'libusb-1.0' found
configure:15556: $? = 1
configure:15570: $PKG_CONFIG --exists --print-errors "libusb-1.0"
Package libusb-1.0 was not found in the pkg-config search path.
Perhaps you should add the directory containing `libusb-1.0.pc'
to the PKG_CONFIG_PATH environment variable
No package 'libusb-1.0' found
configure:15573: $? = 1
configure:15587: result: no
No package 'libusb-1.0' found
configure:15605: WARNING: libusb-1.x not found, trying legacy libusb-0.1 as a fallback; consider installing libusb-1.x instead
configure:15661: checking for capstone
configure:15668: $PKG_CONFIG --exists --print-errors "capstone"
Package capstone was not found in the pkg-config search path.
Perhaps you should add the directory containing `capstone.pc'
to the PKG_CONFIG_PATH environment variable
No package 'capstone' found
configure:15671: $? = 1
configure:15685: $PKG_CONFIG --exists --print-errors "capstone"
Package capstone was not found in the pkg-config search path.
Perhaps you should add the directory containing `capstone.pc'
to the PKG_CONFIG_PATH environment variable
No package 'capstone' found
configure:15688: $? = 1
configure:15702: result: no
No package 'capstone' found
configure:15759: checking for hidapi
configure:15766: $PKG_CONFIG --exists --print-errors "$hidapi_lib"
Package hidapi was not found in the pkg-config search path.
Perhaps you should add the directory containing `hidapi.pc'
to the PKG_CONFIG_PATH environment variable
No package 'hidapi' found
configure:15769: $? = 1
configure:15783: $PKG_CONFIG --exists --print-errors "$hidapi_lib"
Package hidapi was not found in the pkg-config search path.
Perhaps you should add the directory containing `hidapi.pc'
to the PKG_CONFIG_PATH environment variable
No package 'hidapi' found
configure:15786: $? = 1
configure:15800: result: no
No package 'hidapi' found
configure:15759: checking for hidapi-hidraw
configure:15766: $PKG_CONFIG --exists --print-errors "$hidapi_lib"
Package hidapi-hidraw was not found in the pkg-config search path.
Perhaps you should add the directory containing `hidapi-hidraw.pc'
to the PKG_CONFIG_PATH environment variable
No package 'hidapi-hidraw' found
configure:15769: $? = 1
configure:15783: $PKG_CONFIG --exists --print-errors "$hidapi_lib"
Package hidapi-hidraw was not found in the pkg-config search path.
Perhaps you should add the directory containing `hidapi-hidraw.pc'
to the PKG_CONFIG_PATH environment variable
No package 'hidapi-hidraw' found
configure:15786: $? = 1
configure:15800: result: no
No package 'hidapi-hidraw' found
configure:15759: checking for hidapi-libusb
configure:15766: $PKG_CONFIG --exists --print-errors "$hidapi_lib"
Package hidapi-libusb was not found in the pkg-config search path.
Perhaps you should add the directory containing `hidapi-libusb.pc'
to the PKG_CONFIG_PATH environment variable
No package 'hidapi-libusb' found
configure:15769: $? = 1
configure:15783: $PKG_CONFIG --exists --print-errors "$hidapi_lib"
Package hidapi-libusb was not found in the pkg-config search path.
Perhaps you should add the directory containing `hidapi-libusb.pc'
to the PKG_CONFIG_PATH environment variable
No package 'hidapi-libusb' found
configure:15786: $? = 1
configure:15800: result: no
No package 'hidapi-libusb' found
configure:15839: checking for libftdi1
configure:15846: $PKG_CONFIG --exists --print-errors "libftdi1"
Package libftdi1 was not found in the pkg-config search path.
Perhaps you should add the directory containing `libftdi1.pc'
to the PKG_CONFIG_PATH environment variable
No package 'libftdi1' found
configure:15849: $? = 1
configure:15863: $PKG_CONFIG --exists --print-errors "libftdi1"
Package libftdi1 was not found in the pkg-config search path.
Perhaps you should add the directory containing `libftdi1.pc'
to the PKG_CONFIG_PATH environment variable
No package 'libftdi1' found
configure:15866: $? = 1
configure:15880: result: no
No package 'libftdi1' found
configure:15899: checking for libftdi
configure:15906: $PKG_CONFIG --exists --print-errors "libftdi"
Package libftdi was not found in the pkg-config search path.
Perhaps you should add the directory containing `libftdi.pc'
to the PKG_CONFIG_PATH environment variable
No package 'libftdi' found
configure:15909: $? = 1
configure:15923: $PKG_CONFIG --exists --print-errors "libftdi"
Package libftdi was not found in the pkg-config search path.
Perhaps you should add the directory containing `libftdi.pc'
to the PKG_CONFIG_PATH environment variable
No package 'libftdi' found
configure:15926: $? = 1
configure:15940: result: no
No package 'libftdi' found
configure:16067: checking for libgpiod
configure:16074: $PKG_CONFIG --exists --print-errors "libgpiod"
Package libgpiod was not found in the pkg-config search path.
Perhaps you should add the directory containing `libgpiod.pc'
to the PKG_CONFIG_PATH environment variable
No package 'libgpiod' found
configure:16077: $? = 1
configure:16091: $PKG_CONFIG --exists --print-errors "libgpiod"
Package libgpiod was not found in the pkg-config search path.
Perhaps you should add the directory containing `libgpiod.pc'
to the PKG_CONFIG_PATH environment variable
No package 'libgpiod' found
configure:16094: $? = 1
configure:16108: result: no
No package 'libgpiod' found
configure:16139: checking for libjaylink >= 0.2
configure:16146: $PKG_CONFIG --exists --print-errors "libjaylink >= 0.2"
Package libjaylink was not found in the pkg-config search path.
Perhaps you should add the directory containing `libjaylink.pc'
to the PKG_CONFIG_PATH environment variable
No package 'libjaylink' found
configure:16149: $? = 1
configure:16163: $PKG_CONFIG --exists --print-errors "libjaylink >= 0.2"
Package libjaylink was not found in the pkg-config search path.
Perhaps you should add the directory containing `libjaylink.pc'
to the PKG_CONFIG_PATH environment variable
No package 'libjaylink' found
configure:16166: $? = 1
configure:16180: result: no
No package 'libjaylink' found
configure:17646: checking for environ in unistd.h and stdlib.h
configure:17664: gcc -c -g -O2  conftest.c >&5
configure:17664: $? = 0
configure:17667: result: yes
configure:17863: checking that generated files are newer than configure
configure:17869: result: done
configure:18153: creating ./config.status

## ---------------------- ##
## Running config.status. ##
## ---------------------- ##

This file was extended by openocd config.status 0.12.0+dev, which was
generated by GNU Autoconf 2.71.  Invocation command line was

  CONFIG_FILES    = 
  CONFIG_HEADERS  = 
  CONFIG_LINKS    = 
  CONFIG_COMMANDS = 
  $ ./config.status 

on Abhi-Pavillion

config.status:1304: creating Makefile
config.status:1304: creating config.h
config.status:1533: executing depfiles commands
config.status:1610: cd .       && sed -e '/# am--include-marker/d' Makefile         | make -f - am--depfiles
config.status:1615: $? = 0
config.status:1533: executing libtool commands
configure:20360: === configuring in jimtcl (/home/abhi/riscv-openocd/jimtcl)
configure:20421: running /bin/bash ./configure.gnu --disable-option-checking '--prefix=/usr/local'  '--enable-remote-bitbang' --cache-file=/dev/null --srcdir=.

## ---------------- ##
## Cache variables. ##
## ---------------- ##

ac_cv_build=x86_64-pc-linux-gnu
ac_cv_c_bigendian=no
ac_cv_c_compiler_gnu=yes
ac_cv_c_const=yes
ac_cv_env_CAPSTONE_CFLAGS_set=
ac_cv_env_CAPSTONE_CFLAGS_value=
ac_cv_env_CAPSTONE_LIBS_set=
ac_cv_env_CAPSTONE_LIBS_value=
ac_cv_env_CC_set=
ac_cv_env_CC_value=
ac_cv_env_CFLAGS_set=
ac_cv_env_CFLAGS_value=
ac_cv_env_CPPFLAGS_set=
ac_cv_env_CPPFLAGS_value=
ac_cv_env_CPP_set=
ac_cv_env_CPP_value=
ac_cv_env_HIDAPI_CFLAGS_set=
ac_cv_env_HIDAPI_CFLAGS_value=
ac_cv_env_HIDAPI_LIBS_set=
ac_cv_env_HIDAPI_LIBS_value=
ac_cv_env_LDFLAGS_set=
ac_cv_env_LDFLAGS_value=
ac_cv_env_LIBFTDI_CFLAGS_set=
ac_cv_env_LIBFTDI_CFLAGS_value=
ac_cv_env_LIBFTDI_LIBS_set=
ac_cv_env_LIBFTDI_LIBS_value=
ac_cv_env_LIBGPIOD_CFLAGS_set=
ac_cv_env_LIBGPIOD_CFLAGS_value=
ac_cv_env_LIBGPIOD_LIBS_set=
ac_cv_env_LIBGPIOD_LIBS_value=
ac_cv_env_LIBJAYLINK_CFLAGS_set=
ac_cv_env_LIBJAYLINK_CFLAGS_value=
ac_cv_env_LIBJAYLINK_LIBS_set=
ac_cv_env_LIBJAYLINK_LIBS_value=
ac_cv_env_LIBS_set=
ac_cv_env_LIBS_value=
ac_cv_env_LIBUSB1_CFLAGS_set=
ac_cv_env_LIBUSB1_CFLAGS_value=
ac_cv_env_LIBUSB1_LIBS_set=
ac_cv_env_LIBUSB1_LIBS_value=
ac_cv_env_LT_SYS_LIBRARY_PATH_set=
ac_cv_env_LT_SYS_LIBRARY_PATH_value=
ac_cv_env_PKG_CONFIG_LIBDIR_set=
ac_cv_env_PKG_CONFIG_LIBDIR_value=
ac_cv_env_PKG_CONFIG_PATH_set=
ac_cv_env_PKG_CONFIG_PATH_value=
ac_cv_env_PKG_CONFIG_set=
ac_cv_env_PKG_CONFIG_value=
ac_cv_env_build_alias_set=
ac_cv_env_build_alias_value=
ac_cv_env_host_alias_set=
ac_cv_env_host_alias_value=
ac_cv_env_target_alias_set=
ac_cv_env_target_alias_value=
ac_cv_func_gettimeofday=yes
ac_cv_func_realpath=yes
ac_cv_func_strndup=yes
ac_cv_func_strnlen=yes
ac_cv_func_usleep=yes
ac_cv_header_arpa_inet_h=yes
ac_cv_header_dlfcn_h=yes
ac_cv_header_elf_h=yes
ac_cv_header_fcntl_h=yes
ac_cv_header_inttypes_h=yes
ac_cv_header_malloc_h=yes
ac_cv_header_netdb_h=yes
ac_cv_header_netinet_in_h=yes
ac_cv_header_netinet_tcp_h=yes
ac_cv_header_poll_h=yes
ac_cv_header_stdbool_h=yes
ac_cv_header_stdint_h=yes
ac_cv_header_stdio_h=yes
ac_cv_header_stdlib_h=yes
ac_cv_header_string_h=yes
ac_cv_header_strings_h=yes
ac_cv_header_sys_ioctl_h=yes
ac_cv_header_sys_param_h=yes
ac_cv_header_sys_select_h=yes
ac_cv_header_sys_socket_h=yes
ac_cv_header_sys_stat_h=yes
ac_cv_header_sys_sysctl_h=no
ac_cv_header_sys_time_h=yes
ac_cv_header_sys_types_h=yes
ac_cv_header_unistd_h=yes
ac_cv_host=x86_64-pc-linux-gnu
ac_cv_objext=o
ac_cv_path_EGREP='/usr/bin/grep -E'
ac_cv_path_FGREP='/usr/bin/grep -F'
ac_cv_path_GREP=/usr/bin/grep
ac_cv_path_SED=/usr/bin/sed
ac_cv_path_ac_pt_PKG_CONFIG=/usr/bin/pkg-config
ac_cv_path_install='/usr/bin/install -c'
ac_cv_path_lt_DD=/usr/bin/dd
ac_cv_path_mkdir=/usr/bin/mkdir
ac_cv_prog_AWK=gawk
ac_cv_prog_CPP='gcc -E'
ac_cv_prog_ac_ct_AR=ar
ac_cv_prog_ac_ct_CC=gcc
ac_cv_prog_ac_ct_MANIFEST_TOOL=mt
ac_cv_prog_ac_ct_OBJDUMP=objdump
ac_cv_prog_ac_ct_RANLIB=ranlib
ac_cv_prog_ac_ct_STRIP=strip
ac_cv_prog_cc_c11=
ac_cv_prog_cc_g=yes
ac_cv_prog_cc_stdc=
ac_cv_prog_make_make_set=yes
ac_cv_search_dlopen='none required'
ac_cv_search_ioperm='none required'
ac_cv_search_openpty='none required'
ac_cv_type__Bool=yes
ac_cv_type_long_long_int=yes
ac_cv_type_unsigned_long_long_int=yes
am_cv_CC_dependencies_compiler_type=gcc3
am_cv_make_support_nested_variables=yes
am_cv_prog_cc_c_o=yes
lt_cv_ar_at_file=@
lt_cv_deplibs_check_method=pass_all
lt_cv_file_magic_cmd='$MAGIC_CMD'
lt_cv_file_magic_test_file=
lt_cv_ld_reload_flag=-r
lt_cv_nm_interface='BSD nm'
lt_cv_objdir=.libs
lt_cv_path_LD=/usr/bin/ld
lt_cv_path_NM='/usr/bin/nm -B'
lt_cv_path_mainfest_tool=no
lt_cv_prog_compiler_c_o=yes
lt_cv_prog_compiler_pic='-fPIC -DPIC'
lt_cv_prog_compiler_pic_works=yes
lt_cv_prog_compiler_rtti_exceptions=no
lt_cv_prog_compiler_static_works=yes
lt_cv_prog_gnu_ld=yes
lt_cv_sharedlib_from_linklib_cmd='printf %s\n'
lt_cv_shlibpath_overrides_runpath=yes
lt_cv_sys_global_symbol_pipe='sed -n -e '\''s/^.*[	 ]\([ABCDGIRSTW][ABCDGIRSTW]*\)[	 ][	 ]*\([_A-Za-z][_A-Za-z0-9]*\)$/\1 \2 \2/p'\'' | sed '\''/ __gnu_lto/d'\'''
lt_cv_sys_global_symbol_to_c_name_address='sed -n -e '\''s/^: \(.*\) .*$/  {"\1", (void *) 0},/p'\'' -e '\''s/^[ABCDGIRSTW][ABCDGIRSTW]* .* \(.*\)$/  {"\1", (void *) \&\1},/p'\'''
lt_cv_sys_global_symbol_to_c_name_address_lib_prefix='sed -n -e '\''s/^: \(.*\) .*$/  {"\1", (void *) 0},/p'\'' -e '\''s/^[ABCDGIRSTW][ABCDGIRSTW]* .* \(lib.*\)$/  {"\1", (void *) \&\1},/p'\'' -e '\''s/^[ABCDGIRSTW][ABCDGIRSTW]* .* \(.*\)$/  {"lib\1", (void *) \&\1},/p'\'''
lt_cv_sys_global_symbol_to_cdecl='sed -n -e '\''s/^T .* \(.*\)$/extern int \1();/p'\'' -e '\''s/^[ABCDGIRSTW][ABCDGIRSTW]* .* \(.*\)$/extern char \1;/p'\'''
lt_cv_sys_global_symbol_to_import=
lt_cv_sys_max_cmd_len=1572864
lt_cv_to_host_file_cmd=func_convert_file_noop
lt_cv_to_tool_file_cmd=func_convert_file_noop
lt_cv_truncate_bin='/usr/bin/dd bs=4096 count=1'

## ----------------- ##
## Output variables. ##
## ----------------- ##

ACLOCAL='${SHELL} '\''/home/abhi/riscv-openocd/build-aux/missing'\'' aclocal-1.16'
AM335XGPIO_FALSE=''
AM335XGPIO_TRUE='#'
AMDEPBACKSLASH='\'
AMDEP_FALSE='#'
AMDEP_TRUE=''
AMTAR='$${TAR-tar}'
AMTJTAGACCEL_FALSE=''
AMTJTAGACCEL_TRUE='#'
AM_BACKSLASH='\'
AM_DEFAULT_V='$(AM_DEFAULT_VERBOSITY)'
AM_DEFAULT_VERBOSITY='1'
AM_V='$(V)'
ANGIE_FALSE=''
ANGIE_TRUE='#'
AR='ar'
ARMJTAGEW_FALSE=''
ARMJTAGEW_TRUE='#'
AT91RM9200_FALSE=''
AT91RM9200_TRUE='#'
AUTOCONF='${SHELL} '\''/home/abhi/riscv-openocd/build-aux/missing'\'' autoconf'
AUTOHEADER='${SHELL} '\''/home/abhi/riscv-openocd/build-aux/missing'\'' autoheader'
AUTOMAKE='${SHELL} '\''/home/abhi/riscv-openocd/build-aux/missing'\'' automake-1.16'
AWK='gawk'
BCM2835GPIO_FALSE=''
BCM2835GPIO_TRUE='#'
BITBANG_FALSE='#'
BITBANG_TRUE=''
BITQ_FALSE=''
BITQ_TRUE='#'
BUSPIRATE_FALSE='#'
BUSPIRATE_TRUE=''
CAPSTONE_CFLAGS=''
CAPSTONE_LIBS=''
CC='gcc'
CCDEPMODE='depmode=gcc3'
CFLAGS='-g -O2'
CMSIS_DAP_HID_FALSE=''
CMSIS_DAP_HID_TRUE='#'
CMSIS_DAP_USB_FALSE=''
CMSIS_DAP_USB_TRUE='#'
CPP='gcc -E'
CPPFLAGS=''
CSCOPE='cscope'
CTAGS='ctags'
CYGPATH_W='echo'
DEFS='-DHAVE_CONFIG_H'
DEPDIR='.deps'
DLLTOOL='false'
DMEM_FALSE=''
DMEM_TRUE='#'
DSYMUTIL=''
DUMMY_FALSE=''
DUMMY_TRUE='#'
DUMPBIN=''
ECHO_C=''
ECHO_N='-n'
ECHO_T=''
EGREP='/usr/bin/grep -E'
EP93XX_FALSE=''
EP93XX_TRUE='#'
ESP_USB_JTAG_FALSE=''
ESP_USB_JTAG_TRUE='#'
ETAGS='etags'
EXEEXT=''
EXTRA_DIST_NEWS='./NEWS-0.10.0 ./NEWS-0.11.0 ./NEWS-0.12.0 ./NEWS-0.2.0 ./NEWS-0.3.0 ./NEWS-0.4.0 ./NEWS-0.5.0 ./NEWS-0.6.0 ./NEWS-0.7.0 ./NEWS-0.8.0 ./NEWS-0.9.0'
FGREP='/usr/bin/grep -F'
FT232R_FALSE=''
FT232R_TRUE='#'
FTDI_CJTAG_FALSE=''
FTDI_CJTAG_TRUE='#'
FTDI_FALSE=''
FTDI_TRUE='#'
GCC_WARNINGS='-Wall -Wstrict-prototypes -Wformat-security -Wshadow -Wextra -Wno-unused-parameter -Wbad-function-cast -Wcast-align -Wredundant-decls -Wpointer-arith -Wundef -Werror'
GIVEIO_FALSE=''
GIVEIO_TRUE='#'
GREP='/usr/bin/grep'
GW16012_FALSE=''
GW16012_TRUE='#'
HAVE_CAPSTONE_FALSE=''
HAVE_CAPSTONE_TRUE='#'
HIDAPI_CFLAGS=''
HIDAPI_LIBS=''
HLADAPTER_FALSE=''
HLADAPTER_ICDI_FALSE=''
HLADAPTER_ICDI_TRUE='#'
HLADAPTER_NULINK_FALSE=''
HLADAPTER_NULINK_TRUE='#'
HLADAPTER_STLINK_FALSE=''
HLADAPTER_STLINK_TRUE='#'
HLADAPTER_TRUE='#'
HOST_CPPFLAGS=''
IMX_GPIO_FALSE=''
IMX_GPIO_TRUE='#'
INSTALL_DATA='${INSTALL} -m 644'
INSTALL_PROGRAM='${INSTALL}'
INSTALL_SCRIPT='${INSTALL}'
INSTALL_STRIP_PROGRAM='$(install_sh) -c -s'
INTERNAL_JIMTCL_FALSE='#'
INTERNAL_JIMTCL_TRUE=''
INTERNAL_LIBJAYLINK_FALSE=''
INTERNAL_LIBJAYLINK_TRUE='#'
IS_CYGWIN_FALSE=''
IS_CYGWIN_TRUE='#'
IS_DARWIN_FALSE=''
IS_DARWIN_TRUE='#'
IS_MINGW_FALSE=''
IS_MINGW_TRUE='#'
IS_WIN32_FALSE=''
IS_WIN32_TRUE='#'
JLINK_FALSE=''
JLINK_TRUE='#'
JTAG_DPI_FALSE=''
JTAG_DPI_TRUE='#'
JTAG_VPI_FALSE=''
JTAG_VPI_TRUE='#'
KITPROG_FALSE=''
KITPROG_TRUE='#'
LD='/usr/bin/ld -m elf_x86_64'
LDFLAGS=''
LIBFTDI_CFLAGS=''
LIBFTDI_LIBS=''
LIBGPIOD_CFLAGS=''
LIBGPIOD_LIBS=''
LIBJAYLINK_CFLAGS=''
LIBJAYLINK_LIBS=''
LIBOBJS=''
LIBS=''
LIBTOOL='$(SHELL) $(top_builddir)/libtool'
LIBTOOL_DEPS='./build-aux//ltmain.sh'
LIBUSB1_CFLAGS=''
LIBUSB1_LIBS=''
LINUXGPIOD_FALSE=''
LINUXGPIOD_TRUE='#'
LIPO=''
LN_S='ln -s'
LTLIBOBJS=''
LT_SYS_LIBRARY_PATH=''
MAKEINFO='echo makeinfo missing; true'
MANIFEST_TOOL=':'
MKDIR_P='/usr/bin/mkdir -p'
NM='/usr/bin/nm -B'
NMEDIT=''
OBJDUMP='objdump'
OBJEXT='o'
OPENDOUS_FALSE=''
OPENDOUS_TRUE='#'
OPENJTAG_FALSE=''
OPENJTAG_TRUE='#'
OSBDM_FALSE=''
OSBDM_TRUE='#'
OTOOL64=''
OTOOL=''
PACKAGE='openocd'
PACKAGE_BUGREPORT='OpenOCD Mailing List <openocd-devel@lists.sourceforge.net>'
PACKAGE_NAME='openocd'
PACKAGE_STRING='openocd 0.12.0+dev'
PACKAGE_TARNAME='openocd'
PACKAGE_URL=''
PACKAGE_VERSION='0.12.0+dev'
PARPORT_FALSE=''
PARPORT_TRUE='#'
PATH_SEPARATOR=':'
PKG_CONFIG='/usr/bin/pkg-config'
PKG_CONFIG_LIBDIR=''
PKG_CONFIG_PATH=''
PRESTO_FALSE=''
PRESTO_TRUE='#'
RANLIB='ranlib'
RELEASE_FALSE=''
RELEASE_TRUE='#'
REMOTE_BITBANG_FALSE='#'
REMOTE_BITBANG_TRUE=''
RLINK_FALSE=''
RLINK_TRUE='#'
RSHIM_FALSE=''
RSHIM_TRUE='#'
SED='/usr/bin/sed'
SET_MAKE=''
SHELL='/bin/bash'
STRIP='strip'
SYSFSGPIO_FALSE=''
SYSFSGPIO_TRUE='#'
ULINK_FALSE=''
ULINK_TRUE='#'
USBPROG_FALSE=''
USBPROG_TRUE='#'
USB_BLASTER_2_FALSE=''
USB_BLASTER_2_TRUE='#'
USB_BLASTER_DRIVER_FALSE=''
USB_BLASTER_DRIVER_TRUE='#'
USB_BLASTER_FALSE=''
USB_BLASTER_TRUE='#'
USE_HIDAPI_FALSE=''
USE_HIDAPI_TRUE='#'
USE_LIBFTDI_FALSE=''
USE_LIBFTDI_TRUE='#'
USE_LIBGPIOD_FALSE=''
USE_LIBGPIOD_TRUE='#'
USE_LIBJAYLINK_FALSE=''
USE_LIBJAYLINK_TRUE='#'
USE_LIBUSB1_FALSE=''
USE_LIBUSB1_TRUE='#'
VDEBUG_FALSE=''
VDEBUG_TRUE='#'
VERSION='0.12.0+dev'
VSLLINK_FALSE=''
VSLLINK_TRUE='#'
XDS110_FALSE=''
XDS110_TRUE='#'
XLNX_PCIE_XVC_FALSE=''
XLNX_PCIE_XVC_TRUE='#'
ac_ct_AR='ar'
ac_ct_CC='gcc'
ac_ct_DUMPBIN=''
am__EXEEXT_FALSE=''
am__EXEEXT_TRUE='#'
am__fastdepCC_FALSE='#'
am__fastdepCC_TRUE=''
am__include='include'
am__isrc=''
am__leading_dot='.'
am__nodep='_no'
am__quote=''
am__tar='$${TAR-tar} chof - "$$tardir"'
am__untar='$${TAR-tar} xf -'
bindir='${exec_prefix}/bin'
build='x86_64-pc-linux-gnu'
build_alias=''
build_cpu='x86_64'
build_os='linux-gnu'
build_vendor='pc'
datadir='${datarootdir}'
datarootdir='${prefix}/share'
docdir='${datarootdir}/doc/${PACKAGE_TARNAME}'
doxygen_as_html='yes'
doxygen_as_pdf='no'
dvidir='${docdir}'
exec_prefix='${prefix}'
host='x86_64-pc-linux-gnu'
host_alias=''
host_cpu='x86_64'
host_os='linux-gnu'
host_vendor='pc'
htmldir='${docdir}'
includedir='${prefix}/include'
infodir='${datarootdir}/info'
install_sh='${SHELL} /home/abhi/riscv-openocd/build-aux/install-sh'
libdir='${exec_prefix}/lib'
libexecdir='${exec_prefix}/libexec'
localedir='${datarootdir}/locale'
localstatedir='${prefix}/var'
mandir='${datarootdir}/man'
mkdir_p='$(MKDIR_P)'
oldincludedir='/usr/include'
pdfdir='${docdir}'
prefix='/usr/local'
program_transform_name='s,x,x,'
psdir='${docdir}'
runstatedir='${localstatedir}/run'
sbindir='${exec_prefix}/sbin'
sharedstatedir='${prefix}/com'
subdirs=' jimtcl'
sysconfdir='${prefix}/etc'
target_alias=''

## ----------- ##
## confdefs.h. ##
## ----------- ##

/* confdefs.h */
#define PACKAGE_NAME "openocd"
#define PACKAGE_TARNAME "openocd"
#define PACKAGE_VERSION "0.12.0+dev"
#define PACKAGE_STRING "openocd 0.12.0+dev"
#define PACKAGE_BUGREPORT "OpenOCD Mailing List <openocd-devel@lists.sourceforge.net>"
#define PACKAGE_URL ""
#define PACKAGE "openocd"
#define VERSION "0.12.0+dev"
#define HAVE_STDIO_H 1
#define HAVE_STDLIB_H 1
#define HAVE_STRING_H 1
#define HAVE_INTTYPES_H 1
#define HAVE_STDINT_H 1
#define HAVE_STRINGS_H 1
#define HAVE_SYS_STAT_H 1
#define HAVE_SYS_TYPES_H 1
#define HAVE_UNISTD_H 1
#define STDC_HEADERS 1
#define HAVE_DLFCN_H 1
#define LT_OBJDIR ".libs/"
#define HAVE_UNSIGNED_LONG_LONG_INT 1
#define HAVE_LONG_LONG_INT 1
#define HAVE_SYS_SOCKET_H 1
#define HAVE_ELF_H 1
#define HAVE_ELF64 1
#define HAVE_FCNTL_H 1
#define HAVE_MALLOC_H 1
#define HAVE_NETDB_H 1
#define HAVE_POLL_H 1
#define HAVE_STRINGS_H 1
#define HAVE_SYS_IOCTL_H 1
#define HAVE_SYS_PARAM_H 1
#define HAVE_SYS_SELECT_H 1
#define HAVE_SYS_STAT_H 1
#define HAVE_SYS_TIME_H 1
#define HAVE_SYS_TYPES_H 1
#define HAVE_UNISTD_H 1
#define HAVE_ARPA_INET_H 1
#define HAVE_NETINET_IN_H 1
#define HAVE_NETINET_TCP_H 1
#define HAVE__BOOL 1
#define HAVE_STDBOOL_H 1
#define HAVE_STRNDUP 1
#define HAVE_STRNLEN 1
#define HAVE_GETTIMEOFDAY 1
#define HAVE_USLEEP 1
#define HAVE_REALPATH 1
#define IS_CYGWIN 0
#define IS_MINGW 0
#define IS_WIN32 0
#define IS_DARWIN 0
#define BUILD_PARPORT 0
#define BUILD_RSHIM 0
#define BUILD_DMEM 0
#define BUILD_DUMMY 0
#define BUILD_EP93XX 0
#define BUILD_AT91RM9200 0
#define BUILD_BCM2835GPIO 0
#define BUILD_IMX_GPIO 0
#define BUILD_AM335XGPIO 0
#define PARPORT_USE_PPDEV 1
#define PARPORT_USE_GIVEIO 0
#define BUILD_JTAG_VPI 0
#define BUILD_VDEBUG 0
#define BUILD_JTAG_DPI 0
#define BUILD_AMTJTAGACCEL 0
#define BUILD_GW16012 0
#define BUILD_BUSPIRATE 1
#define BUILD_REMOTE_BITBANG 1
#define BUILD_SYSFSGPIO 0
#define BUILD_XLNX_PCIE_XVC 0
#define HAVE_CAPSTONE 0
#define BUILD_FTDI 0
#define BUILD_FTDI_CJTAG 0
#define BUILD_HLADAPTER_STLINK 0
#define BUILD_HLADAPTER_ICDI 0
#define BUILD_ULINK 0
#define BUILD_ANGIE 0
#define BUILD_USB_BLASTER_2 0
#define BUILD_FT232R 0
#define BUILD_VSLLINK 0
#define BUILD_XDS110 0
#define BUILD_CMSIS_DAP_USB 0
#define BUILD_OSBDM 0
#define BUILD_OPENDOUS 0
#define BUILD_ARMJTAGEW 0
#define BUILD_RLINK 0
#define BUILD_USBPROG 0
#define BUILD_ESP_USB_JTAG 0
#define BUILD_CMSIS_DAP_HID 0
#define BUILD_HLADAPTER_NULINK 0
#define BUILD_KITPROG 0
#define BUILD_USB_BLASTER 0
#define BUILD_PRESTO 0
#define BUILD_OPENJTAG 0
#define BUILD_LINUXGPIOD 0
#define BUILD_JLINK 0
#define BUILD_HLADAPTER 0
#define _GNU_SOURCE 1

configure: exit 0
